nohup: ignoring input
[bridge] Starting Node bridge - will connect to 127.0.0.1:8443
[bridge] WebSocket bridge listening on port 3001
[bridge] HTTP API listening on port 3002
[bridge] Frontend connected via WebSocket
[bridge] Frontend connected via WebSocket
[bridge] Frontend connected via WebSocket
[bridge] Frontend connected via WebSocket
[bridge] Frontend connected via WebSocket
[bridge] Frontend connected via WebSocket
[bridge] simulated client error client-1774873308418 8098EC0A307F0000:error:0A00010B:SSL routines:tls_validate_record_header:wrong version number:../ssl/record/methods/tlsany_meth.c:84:

[bridge] simulated client error client-1774873316641 8098EC0A307F0000:error:0A00010B:SSL routines:tls_validate_record_header:wrong version number:../ssl/record/methods/tlsany_meth.c:84:

[bridge] Frontend connected via WebSocket
[bridge] Frontend connected via WebSocket
[bridge] Frontend connected via WebSocket
[bridge] Frontend connected via WebSocket
[bridge] Frontend connected via WebSocket
[bridge] Frontend connected via WebSocket
[bridge] Frontend connected via WebSocket
[bridge] simulated client error client-1774875239937 8098EC0A307F0000:error:0A00010B:SSL routines:tls_validate_record_header:wrong version number:../ssl/record/methods/tlsany_meth.c:84:

[bridge] simulated client error client-1774875243609 8098EC0A307F0000:error:0A00010B:SSL routines:tls_validate_record_header:wrong version number:../ssl/record/methods/tlsany_meth.c:84:

[bridge] Frontend connected via WebSocket
[bridge] Frontend connected via WebSocket
[bridge] Frontend connected via WebSocket
[bridge] Frontend connected via WebSocket
[bridge] Frontend connected via WebSocket
[bridge] Frontend connected via WebSocket
[bridge] Frontend connected via WebSocket
[bridge] Frontend connected via WebSocket
[bridge] Frontend connected via WebSocket
[bridge] Frontend connected via WebSocket
[bridge] Frontend connected via WebSocket
[bridge] Frontend connected via WebSocket
[bridge] Frontend connected via WebSocket
[bridge] Frontend connected via WebSocket
[bridge] simulated client error client-1774875735531 8098EC0A307F0000:error:0A00010B:SSL routines:tls_validate_record_header:wrong version number:../ssl/record/methods/tlsany_meth.c:84:

[bridge] Frontend connected via WebSocket
[bridge] Frontend connected via WebSocket
[bridge] Frontend connected via WebSocket
[bridge] Frontend connected via WebSocket
[bridge] Frontend connected via WebSocket
[bridge] Frontend connected via WebSocket
[bridge] Frontend connected via WebSocket
[bridge] Frontend connected via WebSocket
[bridge] Frontend connected via WebSocket
[bridge] Frontend connected via WebSocket
[bridge] Frontend connected via WebSocket
[bridge] Frontend connected via WebSocket
[bridge] Frontend connected via WebSocket
[bridge] Frontend connected via WebSocket
[bridge] Frontend connected via WebSocket
[bridge] Frontend connected via WebSocket
[bridge] Frontend connected via WebSocket
[bridge] Frontend connected via WebSocket
[bridge] Frontend connected via WebSocket
[bridge] simulated client error client-ui-test write EPROTO 8098EC0A307F0000:error:0A00010B:SSL routines:tls_validate_record_header:wrong version number:../ssl/record/methods/tlsany_meth.c:84:

[bridge] Frontend connected via WebSocket
[bridge] simulated client error client-1774876565848 write EPROTO 8098EC0A307F0000:error:0A00010B:SSL routines:tls_validate_record_header:wrong version number:../ssl/record/methods/tlsany_meth.c:84:

[bridge] simulated client error client-1774876586367 8098EC0A307F0000:error:0A00010B:SSL routines:tls_validate_record_header:wrong version number:../ssl/record/methods/tlsany_meth.c:84:

[bridge] Frontend connected via WebSocket
[bridge] Frontend connected via WebSocket
[bridge] Frontend connected via WebSocket
[bridge] Frontend connected via WebSocket
[bridge] Frontend connected via WebSocket
[bridge] Frontend connected via WebSocket
[bridge] Frontend connected via WebSocket
[bridge] Frontend connected via WebSocket
[bridge] Frontend connected via WebSocket
[bridge] Frontend connected via WebSocket
[bridge] Frontend connected via WebSocket
[bridge] Frontend connected via WebSocket
[bridge] Frontend connected via WebSocket
[bridge] Frontend connected via WebSocket
[bridge] Frontend connected via WebSocket
[bridge] Frontend connected via WebSocket
[bridge] Frontend connected via WebSocket
[bridge] Frontend connected via WebSocket
[bridge] Frontend connected via WebSocket
[bridge] Frontend connected via WebSocket
[bridge] Frontend connected via WebSocket
[bridge] Frontend connected via WebSocket
[bridge] Frontend connected via WebSocket
[bridge] Frontend connected via WebSocket
[bridge] Frontend connected via WebSocket
[bridge] Frontend connected via WebSocket
[bridge] Frontend connected via WebSocket
[bridge] Frontend connected via WebSocket
[bridge] Frontend connected via WebSocket
[bridge] Frontend connected via WebSocket
[bridge] Frontend connected via WebSocket
[bridge] Frontend connected via WebSocket
[bridge] Frontend connected via WebSocket
[bridge] Frontend connected via WebSocket
[bridge] Frontend connected via WebSocket
[bridge] Frontend connected via WebSocket
[bridge] Frontend connected via WebSocket
[bridge] Frontend connected via WebSocket
[bridge] Frontend connected via WebSocket
[bridge] Frontend connected via WebSocket
[bridge] Frontend connected via WebSocket
[bridge] Frontend connected via WebSocket
[bridge] Frontend connected via WebSocket
[bridge] Frontend connected via WebSocket
[bridge] Frontend connected via WebSocket
[bridge] Frontend connected via WebSocket
[bridge] Frontend connected via WebSocket
[bridge] Frontend connected via WebSocket
[bridge] Frontend connected via WebSocket
[bridge] Frontend connected via WebSocket
