[bridge] Starting Node bridge - will connect to 127.0.0.1:8080
[bridge] WebSocket bridge listening on port 3001
[bridge] HTTP API listening on port 3002
[bridge] Frontend connected via WebSocket
[bridge] Frontend connected via WebSocket
[bridge] simulated client connected client-1774899850094
[bridge] simulated client connected sim-1774900106451-0
[bridge] simulated client connected sim-1774900106451-1
[bridge] simulated client connected sim-1774900106451-2
[bridge] simulated client connected sim-1774900106451-3
[bridge] simulated client connected sim-1774900106451-4
[bridge] Frontend connected via WebSocket
[bridge] Frontend connected via WebSocket
[bridge] simulated client connected client-1774900251336
[bridge] simulated client connected sim-1774900319020-0
[bridge] simulated client connected sim-1774900319020-1
[bridge] simulated client connected sim-1774900319020-2
[bridge] simulated client connected sim-1774900319020-3
[bridge] simulated client connected sim-1774900319020-4
[bridge] simulated client connected sim-1774900319020-5
[bridge] simulated client connected sim-1774900319020-6
[bridge] simulated client connected sim-1774900319020-7
[bridge] simulated client connected sim-1774900319020-8
[bridge] simulated client connected sim-1774900319020-9
[bridge] simulated client connected sim-1774900319020-10
[bridge] simulated client connected sim-1774900319020-11
[bridge] simulated client connected sim-1774900319020-12
[bridge] simulated client connected sim-1774900319020-13
[bridge] simulated client connected sim-1774900319020-14
[bridge] simulated client connected sim-1774900319020-15
[bridge] simulated client connected sim-1774900319020-16
[bridge] simulated client connected sim-1774900319020-17
[bridge] simulated client connected sim-1774900319020-18
[bridge] simulated client connected sim-1774900319020-19
[bridge] simulated client connected sim-1774900319020-20
[bridge] simulated client connected sim-1774900319020-21
[bridge] simulated client connected sim-1774900319020-22
[bridge] simulated client connected sim-1774900319020-23
[bridge] simulated client connected sim-1774900319020-24
[bridge] simulated client connected sim-1774900319020-25
[bridge] simulated client connected sim-1774900319020-26
[bridge] simulated client connected sim-1774900319020-27
[bridge] simulated client connected sim-1774900319020-28
[bridge] simulated client connected sim-1774900319020-29
[bridge] simulated client connected sim-1774900319020-30
[bridge] simulated client connected sim-1774900319020-31
[bridge] simulated client connected sim-1774900319020-32
[bridge] simulated client connected sim-1774900319020-33
[bridge] simulated client connected sim-1774900319020-34
[bridge] simulated client connected sim-1774900319020-35
[bridge] simulated client connected sim-1774900319020-36
[bridge] simulated client connected sim-1774900319020-37
[bridge] simulated client connected sim-1774900319020-38
[bridge] simulated client connected sim-1774900319020-39
[bridge] simulated client connected sim-1774900319020-40
[bridge] simulated client connected sim-1774900319020-41
[bridge] simulated client connected sim-1774900319020-42
[bridge] simulated client connected sim-1774900319020-43
[bridge] simulated client connected sim-1774900319020-44
[bridge] simulated client connected sim-1774900319020-45
[bridge] simulated client connected sim-1774900319020-46
[bridge] simulated client connected sim-1774900319020-47
[bridge] simulated client connected sim-1774900319020-48
[bridge] simulated client connected sim-1774900319020-49
[bridge] simulated client connected sim-1774900319020-50
[bridge] simulated client connected sim-1774900319020-51
[bridge] simulated client connected sim-1774900319020-52
[bridge] simulated client connected sim-1774900319020-53
[bridge] simulated client connected sim-1774900319020-54
[bridge] simulated client connected sim-1774900319020-55
[bridge] simulated client connected sim-1774900319020-56
[bridge] simulated client connected sim-1774900319020-57
[bridge] simulated client connected sim-1774900319020-58
[bridge] simulated client connected sim-1774900319020-59
[bridge] simulated client connected sim-1774900319020-60
[bridge] simulated client connected sim-1774900319020-61
[bridge] simulated client connected sim-1774900319020-62
[bridge] simulated client connected sim-1774900319020-63
[bridge] simulated client connected sim-1774900319020-64
[bridge] simulated client connected sim-1774900319020-65
[bridge] simulated client connected sim-1774900319020-66
[bridge] simulated client connected sim-1774900319020-67
[bridge] simulated client connected sim-1774900319020-68
[bridge] simulated client connected sim-1774900319020-69
[bridge] simulated client connected sim-1774900319020-70
[bridge] simulated client connected sim-1774900319020-71
[bridge] simulated client connected sim-1774900319020-72
[bridge] simulated client connected sim-1774900319020-73
[bridge] simulated client connected sim-1774900319020-74
[bridge] simulated client connected sim-1774900319020-75
[bridge] simulated client connected sim-1774900319020-76
[bridge] simulated client connected sim-1774900319020-77
[bridge] simulated client connected sim-1774900319020-78
[bridge] simulated client connected sim-1774900319020-79
[bridge] simulated client connected sim-1774900319020-80
[bridge] simulated client connected sim-1774900319020-81
[bridge] simulated client connected sim-1774900319020-82
[bridge] simulated client connected sim-1774900319020-83
[bridge] simulated client connected sim-1774900319020-84
[bridge] simulated client connected sim-1774900319020-85
[bridge] simulated client connected sim-1774900319020-86
[bridge] simulated client connected sim-1774900319020-87
[bridge] simulated client connected sim-1774900319020-88
[bridge] simulated client connected sim-1774900319020-89
[bridge] simulated client connected sim-1774900319020-90
[bridge] simulated client connected sim-1774900319020-91
[bridge] simulated client connected sim-1774900319020-92
[bridge] simulated client connected sim-1774900319020-93
[bridge] simulated client connected sim-1774900319020-94
[bridge] simulated client connected sim-1774900319020-95
[bridge] simulated client connected sim-1774900319020-96
[bridge] simulated client connected sim-1774900319020-97
[bridge] simulated client connected sim-1774900319020-98
[bridge] simulated client connected sim-1774900319020-99
[bridge] Frontend connected via WebSocket
[bridge] Frontend connected via WebSocket
[bridge] Frontend connected via WebSocket
[bridge] simulated client connected client-1774900415018
[bridge] Frontend connected via WebSocket
[bridge] simulated client connected client-1774956708465
[bridge] simulated client connected sim-1774956855350-0
[bridge] simulated client connected sim-1774956855350-1
[bridge] simulated client connected sim-1774956855350-2
[bridge] simulated client connected sim-1774956855350-3
[bridge] simulated client connected sim-1774956855350-4
[bridge] simulated client connected sim-1774956855350-5
[bridge] simulated client connected sim-1774956855350-6
[bridge] simulated client connected sim-1774956855350-7
[bridge] simulated client connected sim-1774956855350-8
[bridge] simulated client connected sim-1774956855350-9
[bridge] simulated client connected sim-1774956855350-10
[bridge] simulated client connected sim-1774956855350-11
[bridge] simulated client connected sim-1774956855350-12
[bridge] simulated client connected sim-1774956855350-13
[bridge] simulated client connected sim-1774956855350-14
[bridge] simulated client connected sim-1774956855350-15
[bridge] simulated client connected sim-1774956855350-16
[bridge] simulated client connected sim-1774956855350-17
[bridge] simulated client connected sim-1774956855350-18
[bridge] simulated client connected sim-1774956855350-19
[bridge] simulated client connected sim-1774956855350-20
[bridge] simulated client connected sim-1774956855350-21
[bridge] simulated client connected sim-1774956855350-22
[bridge] simulated client connected sim-1774956855350-23
[bridge] simulated client connected sim-1774956855350-24
[bridge] simulated client connected sim-1774956855350-25
[bridge] simulated client connected sim-1774956855350-26
[bridge] simulated client connected sim-1774956855350-27
[bridge] simulated client connected sim-1774956855350-28
[bridge] simulated client connected sim-1774956855350-29
[bridge] simulated client connected sim-1774956855350-30
[bridge] simulated client connected sim-1774956855350-31
[bridge] simulated client connected sim-1774956855350-32
[bridge] simulated client connected sim-1774956855350-33
[bridge] simulated client connected sim-1774956855350-34
[bridge] simulated client connected sim-1774956855350-35
[bridge] simulated client connected sim-1774956855350-36
[bridge] simulated client connected sim-1774956855350-37
[bridge] simulated client connected sim-1774956855350-38
[bridge] simulated client connected sim-1774956855350-39
[bridge] simulated client connected sim-1774956855350-40
[bridge] simulated client connected sim-1774956855350-41
[bridge] simulated client connected sim-1774956855350-42
[bridge] simulated client connected sim-1774956855350-43
[bridge] simulated client connected sim-1774956855350-44
[bridge] simulated client connected sim-1774956855350-45
[bridge] simulated client connected sim-1774956855350-46
[bridge] simulated client connected sim-1774956855350-47
[bridge] simulated client connected sim-1774956855350-48
[bridge] simulated client connected sim-1774956855350-49
[bridge] simulated client connected sim-1774956855350-50
[bridge] simulated client connected sim-1774956855350-51
[bridge] simulated client connected sim-1774956855350-52
[bridge] simulated client connected sim-1774956855350-53
[bridge] simulated client connected sim-1774956855350-54
[bridge] simulated client connected sim-1774956855350-55
[bridge] simulated client connected sim-1774956855350-56
[bridge] simulated client connected sim-1774956855350-57
[bridge] simulated client connected sim-1774956855350-58
[bridge] simulated client connected sim-1774956855350-59
[bridge] simulated client connected sim-1774956855350-60
[bridge] simulated client connected sim-1774956855350-61
[bridge] simulated client connected sim-1774956855350-62
[bridge] simulated client connected sim-1774956855350-63
[bridge] simulated client connected sim-1774956855350-64
[bridge] simulated client connected sim-1774956855350-65
[bridge] simulated client connected sim-1774956855350-66
[bridge] simulated client connected sim-1774956855350-67
[bridge] simulated client connected sim-1774956855350-68
[bridge] simulated client connected sim-1774956855350-69
[bridge] simulated client connected sim-1774956855350-70
[bridge] simulated client connected sim-1774956855350-71
[bridge] simulated client connected sim-1774956855350-72
[bridge] simulated client connected sim-1774956855350-73
[bridge] simulated client connected sim-1774956855350-74
[bridge] simulated client connected sim-1774956855350-75
[bridge] simulated client connected sim-1774956855350-76
[bridge] simulated client connected sim-1774956855350-77
[bridge] simulated client connected sim-1774956855350-78
[bridge] simulated client connected sim-1774956855350-79
[bridge] simulated client connected sim-1774956855350-80
[bridge] simulated client connected sim-1774956855350-81
[bridge] simulated client connected sim-1774956855350-82
[bridge] simulated client connected sim-1774956855350-83
[bridge] simulated client connected sim-1774956855350-84
[bridge] simulated client connected sim-1774956855350-85
[bridge] simulated client connected sim-1774956855350-86
[bridge] simulated client connected sim-1774956855350-87
[bridge] simulated client connected sim-1774956855350-88
[bridge] simulated client connected sim-1774956855350-89
[bridge] simulated client connected sim-1774956855350-90
[bridge] simulated client connected sim-1774956855350-91
[bridge] simulated client connected sim-1774956855350-92
[bridge] simulated client connected sim-1774956855350-93
[bridge] simulated client connected sim-1774956855350-94
[bridge] simulated client connected sim-1774956855350-95
[bridge] simulated client connected sim-1774956855350-96
[bridge] simulated client connected sim-1774956855350-97
[bridge] simulated client connected sim-1774956855350-98
[bridge] simulated client connected sim-1774956855350-99
[bridge] simulated client connected sim-1774957029375-0
[bridge] simulated client connected sim-1774957029375-1
[bridge] simulated client connected sim-1774957029375-2
[bridge] simulated client connected sim-1774957029375-3
[bridge] simulated client connected sim-1774957029375-4
[bridge] simulated client connected sim-1774957029375-5
[bridge] simulated client connected sim-1774957029375-6
[bridge] simulated client connected sim-1774957029375-7
[bridge] simulated client connected sim-1774957029375-8
[bridge] simulated client connected sim-1774957029375-9
[bridge] simulated client connected sim-1774957029375-10
[bridge] simulated client connected sim-1774957029375-11
[bridge] simulated client connected sim-1774957029375-12
[bridge] simulated client connected sim-1774957029375-13
[bridge] simulated client connected sim-1774957029375-14
[bridge] simulated client connected sim-1774957029375-15
[bridge] simulated client connected sim-1774957029375-16
[bridge] simulated client connected sim-1774957029375-17
[bridge] simulated client connected sim-1774957029375-18
[bridge] simulated client connected sim-1774957029375-19
[bridge] simulated client connected sim-1774957029375-20
[bridge] simulated client connected sim-1774957029375-21
[bridge] simulated client connected sim-1774957029375-22
[bridge] simulated client connected sim-1774957029375-23
[bridge] simulated client connected sim-1774957029375-24
[bridge] simulated client connected sim-1774957029375-25
[bridge] simulated client connected sim-1774957029375-26
[bridge] simulated client connected sim-1774957029375-27
[bridge] simulated client connected sim-1774957029375-28
[bridge] simulated client connected sim-1774957029375-29
[bridge] simulated client connected sim-1774957029375-30
[bridge] simulated client connected sim-1774957029375-31
[bridge] simulated client connected sim-1774957029375-32
[bridge] simulated client connected sim-1774957029375-33
[bridge] simulated client connected sim-1774957029375-34
[bridge] simulated client connected sim-1774957029375-35
[bridge] simulated client connected sim-1774957029375-36
[bridge] simulated client connected sim-1774957029375-37
[bridge] simulated client connected sim-1774957029375-38
[bridge] simulated client connected sim-1774957029375-39
[bridge] simulated client connected sim-1774957029375-40
[bridge] simulated client connected sim-1774957029375-41
[bridge] simulated client connected sim-1774957029375-42
[bridge] simulated client connected sim-1774957029375-43
[bridge] simulated client connected sim-1774957029375-44
[bridge] simulated client connected sim-1774957029375-45
[bridge] simulated client connected sim-1774957029375-46
[bridge] simulated client connected sim-1774957029375-47
[bridge] simulated client connected sim-1774957029375-48
[bridge] simulated client connected sim-1774957029375-49
[bridge] simulated client connected sim-1774957029375-50
[bridge] simulated client connected sim-1774957029375-51
[bridge] simulated client connected sim-1774957029375-52
[bridge] simulated client connected sim-1774957029375-53
[bridge] simulated client connected sim-1774957029375-54
[bridge] simulated client connected sim-1774957029375-55
[bridge] simulated client connected sim-1774957029375-56
[bridge] simulated client connected sim-1774957029375-57
[bridge] simulated client connected sim-1774957029375-58
[bridge] simulated client connected sim-1774957029375-59
[bridge] simulated client connected sim-1774957029375-60
[bridge] simulated client connected sim-1774957029375-61
[bridge] simulated client connected sim-1774957029375-62
[bridge] simulated client connected sim-1774957029375-63
[bridge] simulated client connected sim-1774957029375-64
[bridge] simulated client connected sim-1774957029375-65
[bridge] simulated client connected sim-1774957029375-66
[bridge] simulated client connected sim-1774957029375-67
[bridge] simulated client connected sim-1774957029375-68
[bridge] simulated client connected sim-1774957029375-69
[bridge] simulated client connected sim-1774957029375-70
[bridge] simulated client connected sim-1774957029375-71
[bridge] simulated client connected sim-1774957029375-72
[bridge] simulated client connected sim-1774957029375-73
[bridge] simulated client connected sim-1774957029375-74
[bridge] simulated client connected sim-1774957029375-75
[bridge] simulated client connected sim-1774957029375-76
[bridge] simulated client connected sim-1774957029375-77
[bridge] simulated client connected sim-1774957029375-78
[bridge] simulated client connected sim-1774957029375-79
[bridge] simulated client connected sim-1774957029375-80
[bridge] simulated client connected sim-1774957029375-81
[bridge] simulated client connected sim-1774957029375-82
[bridge] simulated client connected sim-1774957029375-83
[bridge] simulated client connected sim-1774957029375-84
[bridge] simulated client connected sim-1774957029375-85
[bridge] simulated client connected sim-1774957029375-86
[bridge] simulated client connected sim-1774957029375-87
[bridge] simulated client connected sim-1774957029375-88
[bridge] simulated client connected sim-1774957029375-89
[bridge] simulated client connected sim-1774957029375-90
[bridge] simulated client connected sim-1774957029375-91
[bridge] simulated client connected sim-1774957029375-92
[bridge] simulated client connected sim-1774957029375-93
[bridge] simulated client connected sim-1774957029375-94
[bridge] simulated client connected sim-1774957029375-95
[bridge] simulated client connected sim-1774957029375-96
[bridge] simulated client connected sim-1774957029375-97
[bridge] simulated client connected sim-1774957029375-98
[bridge] simulated client connected sim-1774957029375-99
[bridge] simulated client connected sim-1774957436444-0
[bridge] Frontend connected via WebSocket
[bridge] simulated client connected client-1774958372683
[bridge] Frontend connected via WebSocket
[bridge] simulated client connected client-1774958418375
